Array
(
    [coin_id] => 69
    [image_type] => front
)
Array
(
    [coin_id] => 69
    [image_type] => front
)
Array
(
    [coin_id] => 69
    [image_type] => back
)
Array
(
    [coin_id] => 75
    [image_type] => back
)
Array
(
    [coin_id] => 75
    [image_type] => front
)
Array
(
    [coin_id] => 75
    [image_type] => front
)
Array
(
    [coin_id] => 74
    [image_type] => back
)
Array
(
    [coin_id] => 74
    [image_type] => back
)
Array
(
    [coin_id] => 75
    [image_type] => front
)
Array
(
    [coin_id] => 75
    [image_type] => back
)
Array
(
    [coin_id] => 74
    [image_type] => front
)
Array
(
    [coin_id] => 75
    [image_type] => front
)
Array
(
    [coin_id] => 75
    [image_type] => back
)
Array
(
    [coin_id] => 75
    [image_type] => front
)
Array
(
    [coin_id] => 75
    [image_type] => front
)
Array
(
    [coin_id] => 76
    [image_type] => back
)
